c:\users\administrator\desktop\vs\yunpan\yunpan\debug\vc120.pdb
c:\users\administrator\desktop\vs\yunpan\yunpan\debug\vc120.idb
c:\users\administrator\desktop\vs\yunpan\yunpan\debug\cauchy_best_r6.obj
c:\users\administrator\desktop\vs\yunpan\yunpan\debug\galois.obj
c:\users\administrator\desktop\vs\yunpan\yunpan\debug\jerasure.obj
c:\users\administrator\desktop\vs\yunpan\yunpan\debug\liberation.obj
c:\users\administrator\desktop\vs\yunpan\yunpan\debug\reed_sol.obj
c:\users\administrator\desktop\vs\yunpan\yunpan\debug\handle.obj
c:\users\administrator\desktop\vs\yunpan\yunpan\debug\yunpan.obj
c:\users\administrator\desktop\vs\yunpan\yunpan\debug\mysqlmanager.obj
c:\users\administrator\desktop\vs\yunpan\debug\yunpan.ilk
c:\users\administrator\desktop\vs\yunpan\debug\yunpan.exe
c:\users\administrator\desktop\vs\yunpan\debug\yunpan.pdb
c:\users\administrator\desktop\vs\yunpan\yunpan\debug\yunpan.tlog\cl.command.1.tlog
c:\users\administrator\desktop\vs\yunpan\yunpan\debug\yunpan.tlog\cl.read.1.tlog
c:\users\administrator\desktop\vs\yunpan\yunpan\debug\yunpan.tlog\cl.write.1.tlog
c:\users\administrator\desktop\vs\yunpan\yunpan\debug\yunpan.tlog\link.4832-cvtres.read.1.tlog
c:\users\administrator\desktop\vs\yunpan\yunpan\debug\yunpan.tlog\link.4832-cvtres.write.1.tlog
c:\users\administrator\desktop\vs\yunpan\yunpan\debug\yunpan.tlog\link.4832-rc.read.1.tlog
c:\users\administrator\desktop\vs\yunpan\yunpan\debug\yunpan.tlog\link.4832-rc.write.1.tlog
c:\users\administrator\desktop\vs\yunpan\yunpan\debug\yunpan.tlog\link.4832.read.1.tlog
c:\users\administrator\desktop\vs\yunpan\yunpan\debug\yunpan.tlog\link.4832.write.1.tlog
c:\users\administrator\desktop\vs\yunpan\yunpan\debug\yunpan.tlog\link.command.1.tlog
c:\users\administrator\desktop\vs\yunpan\yunpan\debug\yunpan.tlog\link.read.1.tlog
c:\users\administrator\desktop\vs\yunpan\yunpan\debug\yunpan.tlog\link.write.1.tlog
